

*******************************************************************************
Tue Jul 26 11:20:06 2022


FIT:    data read from 'dom'.PA.'.dat'
        format = z
        #datapoints = 4
        residuals are weighted equally (unit weight)

function used for fitting: f(x)
	f(x)= a0 +a1*x
fitted parameters initialized with current variable values

iter      chisq       delta/lim  lambda   a0            a1           
   0 4.3161494414e+06   0.00e+00  2.87e+03    1.000000e+00   1.000000e+00
   7 2.0040951927e+00  -4.32e-04  2.87e-04    4.343475e+00   1.255478e+00

After 7 iterations the fit converged.
final sum of squares of residuals : 2.0041
rel. change during last iteration : -4.31902e-09

degrees of freedom    (FIT_NDF)                        : 2
rms of residuals      (FIT_STDFIT) = sqrt(WSSR/ndf)    : 1.00102
variance of residuals (reduced chisquare) = WSSR/ndf   : 1.00205

Final set of parameters            Asymptotic Standard Error
=======================            ==========================
a0              = 4.34348          +/- 0.803        (18.49%)
a1              = 1.25548          +/- 0.000198     (0.01577%)

correlation matrix of the fit parameters:
                a0     a1     
a0              1.000 
a1             -0.782  1.000 


*******************************************************************************
Tue Jul 26 11:20:06 2022


FIT:    data read from 'dom'.PA.'.dat'
        format = z
        #datapoints = 4
        residuals are weighted equally (unit weight)

function used for fitting: g(x)
	g(x)= b0 +b1*x+ b2*x*x
fitted parameters initialized with current variable values

iter      chisq       delta/lim  lambda   b0            b1            b2           
   0 2.7925467162e+15   0.00e+00  1.53e+07    1.000000e+00   1.000000e+00   1.000000e+00
  11 4.1521382495e-04  -9.25e-02  1.53e-04    2.744595e+00   1.256902e+00  -1.774795e-07

After 11 iterations the fit converged.
final sum of squares of residuals : 0.000415214
rel. change during last iteration : -9.25048e-07

degrees of freedom    (FIT_NDF)                        : 1
rms of residuals      (FIT_STDFIT) = sqrt(WSSR/ndf)    : 0.0203768
variance of residuals (reduced chisquare) = WSSR/ndf   : 0.000415214

Final set of parameters            Asymptotic Standard Error
=======================            ==========================
b0              = 2.74459          +/- 0.02823      (1.029%)
b1              = 1.2569           +/- 2.09e-05     (0.001663%)
b2              = -1.77479e-07     +/- 2.555e-09    (1.44%)

correlation matrix of the fit parameters:
                b0     b1     b2     
b0              1.000 
b1             -0.887  1.000 
b2              0.815 -0.981  1.000 
